[13Dec2024 00:00:09.384] [Server thread/INFO] [net.minecraft.server.dedicated.DedicatedServer/]: [NaiSoraNaiShiro: Set own game mode to Creative Mode]
[13Dec2024 00:01:58.178] [Server thread/INFO] [net.minecraft.server.dedicated.DedicatedServer/]: Negks died from dehydration while fighting Zombie
[13Dec2024 00:01:59.831] [Server thread/INFO] [net.minecraft.server.dedicated.DedicatedServer/]: No player was found
[13Dec2024 00:01:59.832] [Server thread/INFO] [tac/]: PENDING
[13Dec2024 00:02:03.343] [Server thread/INFO] [net.minecraft.server.dedicated.DedicatedServer/]: [NaiSoraNaiShiro: Set own game mode to Survival Mode]
[13Dec2024 00:02:45.566] [Server thread/INFO] [net.minecraft.server.dedicated.DedicatedServer/]: [NaiSoraNaiShiro: Set own game mode to Creative Mode]
[13Dec2024 00:02:53.738] [Server thread/INFO] [net.minecraft.server.dedicated.DedicatedServer/]: [NaiSoraNaiShiro: Teleported Negks to NaiSoraNaiShiro]
[13Dec2024 00:04:05.129] [Server thread/INFO] [net.minecraft.server.dedicated.DedicatedServer/]: [NaiSoraNaiShiro: Set own game mode to Survival Mode]
[13Dec2024 00:05:44.313] [Server thread/INFO] [net.minecraft.server.dedicated.DedicatedServer/]: [NaiSoraNaiShiro: Set own game mode to Spectator Mode]
[13Dec2024 00:06:17.755] [Server thread/INFO] [net.minecraft.server.dedicated.DedicatedServer/]: [NaiSoraNaiShiro: Set own game mode to Survival Mode]
[13Dec2024 00:07:29.888] [Server thread/INFO] [net.minecraft.server.dedicated.DedicatedServer/]: [NaiSoraNaiShiro: Teleported NaiSoraNaiShiro to Negks]
[13Dec2024 00:07:34.337] [Server thread/INFO] [net.minecraft.server.dedicated.DedicatedServer/]: <NaiSoraNaiShiro> a
[13Dec2024 00:08:05.632] [Server thread/WARN] [net.minecraft.server.network.ServerGamePacketListenerImpl/]: NaiSoraNaiShiro moved wrongly!
[13Dec2024 00:09:04.765] [Server thread/INFO] [net.minecraft.server.dedicated.DedicatedServer/]: [NaiSoraNaiShiro: Set own game mode to Creative Mode]
[13Dec2024 00:09:08.987] [Server thread/INFO] [net.minecraft.server.network.ServerGamePacketListenerImpl/]: Negks lost connection: Disconnected
[13Dec2024 00:09:08.988] [Server thread/INFO] [net.minecraft.server.dedicated.DedicatedServer/]: Negks left the game
[13Dec2024 00:09:08.990] [Server thread/INFO] [xaero.pac.OpenPartiesAndClaims/]: Updating all forceload tickets for b8ce6e18-9f77-3a95-8e24-69a8490aa4d3
[13Dec2024 00:09:44.538] [Server thread/INFO] [net.minecraft.server.dedicated.DedicatedServer/]: [NaiSoraNaiShiro: Set own game mode to Survival Mode]
[13Dec2024 00:12:34.181] [Server thread/INFO] [net.minecraft.server.network.ServerGamePacketListenerImpl/]: NaiSoraNaiShiro lost connection: Disconnected
[13Dec2024 00:12:34.181] [Server thread/INFO] [net.minecraft.server.dedicated.DedicatedServer/]: NaiSoraNaiShiro left the game
[13Dec2024 00:12:34.182] [Server thread/INFO] [xaero.pac.OpenPartiesAndClaims/]: Updating all forceload tickets for 86d92052-ae22-36c5-8f75-d7eca2081c97
[13Dec2024 00:12:34.182] [Server thread/INFO] [readyplayerfun/]: Pausing server onPlayerLogout at 882745, 884481
[13Dec2024 00:12:41.427] [Server thread/INFO] [net.minecraft.server.dedicated.DedicatedServer/]: Stopping the server
[13Dec2024 00:12:41.479] [Server thread/INFO] [net.minecraft.server.MinecraftServer/]: Stopping server
[13Dec2024 00:12:41.480] [Server thread/INFO] [net.minecraft.server.MinecraftServer/]: Saving players
[13Dec2024 00:12:41.480] [Server thread/INFO] [net.minecraft.server.MinecraftServer/]: Saving worlds
[13Dec2024 00:12:41.731] [Server thread/INFO] [net.minecraft.server.MinecraftServer/]: Saving chunks for level 'ServerLevel[world]'/minecraft:overworld
[13Dec2024 00:12:42.549] [Server thread/INFO] [net.minecraft.server.MinecraftServer/]: Saving chunks for level 'ServerLevel[world]'/deceasedcraft:abyss
[13Dec2024 00:12:42.550] [Server thread/INFO] [net.minecraft.server.MinecraftServer/]: Saving chunks for level 'ServerLevel[world]'/minecraft:the_nether
[13Dec2024 00:12:42.552] [Server thread/INFO] [net.minecraft.server.MinecraftServer/]: Saving chunks for level 'ServerLevel[world]'/lostcities:lostcity
[13Dec2024 00:12:42.554] [Server thread/INFO] [net.minecraft.server.MinecraftServer/]: Saving chunks for level 'ServerLevel[world]'/minecraft:the_end
[13Dec2024 00:12:42.677] [Server thread/INFO] [net.minecraft.server.MinecraftServer/]: ThreadedAnvilChunkStorage (world): All chunks are saved
[13Dec2024 00:12:42.678] [Server thread/INFO] [net.minecraft.server.MinecraftServer/]: ThreadedAnvilChunkStorage (abyss): All chunks are saved
[13Dec2024 00:12:42.678] [Server thread/INFO] [net.minecraft.server.MinecraftServer/]: ThreadedAnvilChunkStorage (DIM-1): All chunks are saved
[13Dec2024 00:12:42.678] [Server thread/INFO] [net.minecraft.server.MinecraftServer/]: ThreadedAnvilChunkStorage (lostcity): All chunks are saved
[13Dec2024 00:12:42.678] [Server thread/INFO] [net.minecraft.server.MinecraftServer/]: ThreadedAnvilChunkStorage (DIM1): All chunks are saved
[13Dec2024 00:12:42.678] [Server thread/INFO] [net.minecraft.server.MinecraftServer/]: ThreadedAnvilChunkStorage: All dimensions are saved
[13Dec2024 00:12:42.716] [Server thread/INFO] [xaero.pac.OpenPartiesAndClaims/]: Stopping IO worker...
[13Dec2024 00:12:42.725] [Server thread/INFO] [xaero.pac.OpenPartiesAndClaims/]: Stopped IO worker!
[13Dec2024 00:12:42.727] [Server thread/INFO] [configured/]: Unloading server configs...
[13Dec2024 00:12:42.727] [Server thread/INFO] [configured/]: Sending config unload event for configured.developer.toml
